TN:
SF:src/query-optimizer.ts
FN:41,(anonymous_0)
FN:102,(anonymous_1)
FN:153,(anonymous_2)
FN:163,(anonymous_3)
FN:235,(anonymous_4)
FNF:5
FNH:5
FNDA:11,(anonymous_0)
FNDA:4,(anonymous_1)
FNDA:7,(anonymous_2)
FNDA:18,(anonymous_3)
FNDA:9,(anonymous_4)
DA:19,1
DA:39,1
DA:42,11
DA:43,11
DA:44,11
DA:45,11
DA:47,11
DA:49,3
DA:50,3
DA:51,3
DA:53,3
DA:54,1
DA:55,1
DA:58,3
DA:59,3
DA:60,3
DA:61,3
DA:62,3
DA:64,3
DA:67,2
DA:68,2
DA:69,2
DA:71,2
DA:72,2
DA:73,1
DA:74,1
DA:76,2
DA:79,6
DA:80,6
DA:81,6
DA:83,6
DA:84,2
DA:85,2
DA:87,6
DA:90,0
DA:91,0
DA:94,11
DA:103,4
DA:104,4
DA:105,4
DA:108,4
DA:110,1
DA:111,1
DA:112,1
DA:116,1
DA:117,1
DA:118,1
DA:119,1
DA:121,1
DA:125,1
DA:126,1
DA:127,1
DA:128,1
DA:129,1
DA:130,1
DA:132,1
DA:135,2
DA:136,1
DA:137,1
DA:139,2
DA:142,4
DA:144,4
DA:154,7
DA:156,7
DA:157,7
DA:158,7
DA:159,7
DA:164,18
DA:167,18
DA:170,5
DA:173,5
DA:175,1
DA:182,4
DA:190,13
DA:191,4
DA:192,4
DA:200,9
DA:201,0
DA:203,0
DA:211,9
DA:212,3
DA:220,6
DA:221,3
DA:228,3
DA:236,9
DA:237,9
DA:240,9
DA:241,3
DA:242,3
DA:243,3
DA:244,3
DA:246,3
DA:247,3
DA:248,3
DA:249,3
DA:251,3
DA:258,6
DA:259,0
DA:260,0
DA:261,0
DA:263,0
DA:270,6
DA:271,1
DA:272,1
DA:273,1
DA:275,1
DA:282,5
DA:283,1
DA:284,1
DA:285,1
DA:286,1
DA:287,1
DA:289,1
DA:296,4
DA:297,4
DA:298,1
DA:299,1
DA:300,1
DA:301,1
DA:303,1
DA:310,3
DA:311,0
DA:312,0
DA:314,0
DA:321,3
DA:322,0
DA:323,0
DA:324,0
DA:326,0
DA:327,0
DA:329,0
DA:336,3
DA:337,3
DA:338,3
DA:340,3
LF:135
LH:118
BRDA:41,0,0,11
BRDA:47,1,0,3
BRDA:47,1,1,2
BRDA:47,1,2,6
BRDA:47,1,3,0
BRDA:53,2,0,1
BRDA:53,2,1,2
BRDA:53,3,0,3
BRDA:53,3,1,3
BRDA:59,4,0,3
BRDA:59,4,1,0
BRDA:72,5,0,1
BRDA:72,5,1,1
BRDA:83,6,0,2
BRDA:83,6,1,4
BRDA:108,7,0,1
BRDA:108,7,1,1
BRDA:108,7,2,2
BRDA:110,8,0,1
BRDA:110,8,1,0
BRDA:110,9,0,1
BRDA:110,9,1,1
BRDA:117,10,0,1
BRDA:117,10,1,0
BRDA:126,11,0,1
BRDA:126,11,1,0
BRDA:135,12,0,1
BRDA:135,12,1,1
BRDA:154,13,0,0
BRDA:154,13,1,7
BRDA:154,14,0,7
BRDA:154,14,1,7
BRDA:167,15,0,5
BRDA:167,15,1,13
BRDA:167,16,0,18
BRDA:167,16,1,14
BRDA:167,16,2,5
BRDA:167,16,3,0
BRDA:173,17,0,1
BRDA:173,17,1,4
BRDA:173,18,0,5
BRDA:173,18,1,4
BRDA:173,18,2,4
BRDA:173,18,3,4
BRDA:190,19,0,4
BRDA:190,19,1,9
BRDA:190,20,0,13
BRDA:190,20,1,4
BRDA:190,20,2,1
BRDA:200,21,0,0
BRDA:200,21,1,9
BRDA:200,22,0,9
BRDA:200,22,1,9
BRDA:200,22,2,9
BRDA:211,23,0,3
BRDA:211,23,1,6
BRDA:211,24,0,9
BRDA:211,24,1,7
BRDA:211,24,2,6
BRDA:220,25,0,3
BRDA:220,25,1,3
BRDA:220,26,0,6
BRDA:220,26,1,3
BRDA:220,26,2,1
BRDA:240,27,0,3
BRDA:240,27,1,6
BRDA:240,28,0,9
BRDA:240,28,1,6
BRDA:258,29,0,0
BRDA:258,29,1,6
BRDA:258,30,0,6
BRDA:258,30,1,6
BRDA:270,31,0,1
BRDA:270,31,1,5
BRDA:270,32,0,6
BRDA:270,32,1,5
BRDA:282,33,0,1
BRDA:282,33,1,4
BRDA:285,34,0,0
BRDA:285,34,1,1
BRDA:297,35,0,1
BRDA:297,35,1,3
BRDA:310,36,0,0
BRDA:310,36,1,3
BRDA:321,37,0,0
BRDA:321,37,1,3
BRF:86
BRH:74
end_of_record
