TN:
SF:src/drive-analyzer.ts
FN:52,(anonymous_0)
FN:56,(anonymous_1)
FN:85,(anonymous_2)
FN:102,(anonymous_3)
FN:132,(anonymous_4)
FN:133,(anonymous_5)
FN:135,(anonymous_6)
FN:140,(anonymous_7)
FN:144,(anonymous_8)
FN:145,(anonymous_9)
FN:167,(anonymous_10)
FN:193,(anonymous_11)
FN:212,(anonymous_12)
FN:226,(anonymous_13)
FN:242,(anonymous_14)
FN:243,(anonymous_15)
FNF:16
FNH:16
FNDA:14,(anonymous_0)
FNDA:12,(anonymous_1)
FNDA:10,(anonymous_2)
FNDA:17,(anonymous_3)
FNDA:24,(anonymous_4)
FNDA:24,(anonymous_5)
FNDA:24,(anonymous_6)
FNDA:24,(anonymous_7)
FNDA:24,(anonymous_8)
FNDA:24,(anonymous_9)
FNDA:7,(anonymous_10)
FNDA:6,(anonymous_11)
FNDA:6,(anonymous_12)
FNDA:6,(anonymous_13)
FNDA:2,(anonymous_14)
FNDA:2,(anonymous_15)
DA:47,2
DA:53,14
DA:56,14
DA:57,14
DA:58,14
DA:60,14
DA:61,10
DA:62,10
DA:65,10
DA:68,10
DA:69,7
DA:72,3
DA:73,3
DA:78,14
DA:79,14
DA:82,14
DA:87,10
DA:88,6
DA:94,4
DA:95,4
DA:96,1
DA:99,3
DA:103,17
DA:104,0
DA:107,17
DA:108,17
DA:111,17
DA:112,17
DA:113,7
DA:114,7
DA:115,7
DA:117,7
DA:118,7
DA:119,7
DA:121,7
DA:132,24
DA:133,24
DA:134,17
DA:135,17
DA:136,24
DA:140,24
DA:141,17
DA:143,17
DA:144,24
DA:145,24
DA:168,7
DA:170,6
DA:171,6
DA:174,6
DA:177,6
DA:180,6
DA:183,6
DA:185,6
DA:194,6
DA:198,6
DA:199,6
DA:201,6
DA:205,6
DA:213,6
DA:216,6
DA:231,6
DA:232,6
DA:233,6
DA:235,6
DA:236,6
DA:237,6
DA:239,6
DA:240,2
DA:241,2
DA:242,2
DA:243,2
DA:244,2
DA:245,2
DA:247,2
DA:250,6
DA:251,6
DA:252,6
DA:254,6
DA:255,5
DA:258,6
DA:259,3
DA:261,3
DA:264,6
LF:83
LH:82
BRDA:53,0,0,0
BRDA:53,0,1,14
BRDA:68,1,0,7
BRDA:68,1,1,3
BRDA:78,2,0,14
BRDA:78,2,1,0
BRDA:87,3,0,6
BRDA:87,3,1,4
BRDA:95,4,0,1
BRDA:95,4,1,3
BRDA:103,5,0,0
BRDA:103,5,1,17
BRDA:117,6,0,7
BRDA:117,6,1,0
BRDA:119,7,0,1
BRDA:119,7,1,6
BRDA:119,8,0,6
BRDA:119,8,1,0
BRDA:133,9,0,24
BRDA:133,9,1,17
BRDA:140,10,0,24
BRDA:140,10,1,0
BRDA:141,11,0,16
BRDA:141,11,1,1
BRDA:157,12,0,16
BRDA:157,12,1,1
BRDA:168,13,0,1
BRDA:168,13,1,6
BRDA:171,14,0,0
BRDA:171,14,1,6
BRDA:201,15,0,5
BRDA:201,15,1,1
BRDA:201,16,0,6
BRDA:201,16,1,6
BRDA:213,17,0,6
BRDA:213,17,1,3
BRDA:220,18,0,3
BRDA:220,18,1,3
BRDA:239,19,0,2
BRDA:239,19,1,4
BRDA:241,20,0,2
BRDA:241,20,1,0
BRDA:244,21,0,0
BRDA:244,21,1,2
BRDA:244,22,0,0
BRDA:244,22,1,0
BRDA:245,23,0,2
BRDA:245,23,1,0
BRDA:245,24,0,0
BRDA:245,24,1,2
BRDA:254,25,0,5
BRDA:254,25,1,1
BRDA:258,26,0,3
BRDA:258,26,1,3
BRDA:258,27,0,6
BRDA:258,27,1,6
BRDA:261,28,0,3
BRDA:261,28,1,0
BRF:58
BRH:44
end_of_record
TN:
SF:src/index.ts
FN:38,(anonymous_9)
FN:58,(anonymous_10)
FN:59,(anonymous_11)
FN:60,(anonymous_12)
FN:66,(anonymous_13)
FN:67,(anonymous_14)
FN:211,(anonymous_15)
FN:263,(anonymous_16)
FN:292,(anonymous_17)
FN:302,(anonymous_18)
FN:303,(anonymous_19)
FN:328,(anonymous_20)
FN:333,(anonymous_21)
FN:347,(anonymous_22)
FN:368,(anonymous_23)
FN:372,(anonymous_24)
FN:373,(anonymous_25)
FN:374,(anonymous_26)
FN:375,(anonymous_27)
FN:394,(anonymous_28)
FN:404,(anonymous_29)
FN:420,(anonymous_30)
FN:542,(anonymous_31)
FN:556,(anonymous_32)
FN:586,(anonymous_33)
FN:589,(anonymous_34)
FN:599,(anonymous_35)
FN:608,(anonymous_36)
FN:676,(anonymous_37)
FN:707,(anonymous_38)
FN:713,(anonymous_39)
FN:725,createServer
FNF:32
FNH:5
FNDA:8,(anonymous_9)
FNDA:8,(anonymous_10)
FNDA:0,(anonymous_11)
FNDA:0,(anonymous_12)
FNDA:8,(anonymous_13)
FNDA:0,(anonymous_14)
FNDA:0,(anonymous_15)
FNDA:0,(anonymous_16)
FNDA:0,(anonymous_17)
FNDA:0,(anonymous_18)
FNDA:0,(anonymous_19)
FNDA:0,(anonymous_20)
FNDA:0,(anonymous_21)
FNDA:0,(anonymous_22)
FNDA:0,(anonymous_23)
FNDA:0,(anonymous_24)
FNDA:0,(anonymous_25)
FNDA:0,(anonymous_26)
FNDA:0,(anonymous_27)
FNDA:0,(anonymous_28)
FNDA:0,(anonymous_29)
FNDA:0,(anonymous_30)
FNDA:0,(anonymous_31)
FNDA:0,(anonymous_32)
FNDA:0,(anonymous_33)
FNDA:0,(anonymous_34)
FNDA:0,(anonymous_35)
FNDA:0,(anonymous_36)
FNDA:0,(anonymous_37)
FNDA:0,(anonymous_38)
FNDA:8,(anonymous_39)
FNDA:8,createServer
DA:3,1
DA:4,1
DA:6,1
DA:7,1
DA:8,1
DA:14,1
DA:15,1
DA:16,1
DA:17,1
DA:20,1
DA:27,1
DA:33,8
DA:34,8
DA:39,8
DA:40,8
DA:41,8
DA:42,8
DA:54,8
DA:55,8
DA:59,8
DA:60,8
DA:61,0
DA:62,0
DA:67,8
DA:211,8
DA:212,0
DA:214,0
DA:215,0
DA:217,0
DA:220,0
DA:221,0
DA:226,0
DA:229,0
DA:231,0
DA:234,0
DA:237,0
DA:240,0
DA:243,0
DA:246,0
DA:249,0
DA:252,0
DA:255,0
DA:256,0
DA:258,0
DA:264,0
DA:265,0
DA:267,0
DA:293,0
DA:294,0
DA:296,0
DA:302,0
DA:303,0
DA:329,0
DA:330,0
DA:332,0
DA:333,0
DA:334,0
DA:340,0
DA:347,0
DA:369,0
DA:370,0
DA:372,0
DA:373,0
DA:374,0
DA:375,0
DA:377,0
DA:394,0
DA:405,0
DA:407,0
DA:421,0
DA:424,0
DA:426,0
DA:427,0
DA:451,0
DA:452,0
DA:455,0
DA:456,0
DA:457,0
DA:458,0
DA:459,0
DA:470,0
DA:474,0
DA:475,0
DA:476,0
DA:480,0
DA:482,0
DA:484,0
DA:485,0
DA:487,0
DA:488,0
DA:490,0
DA:491,0
DA:493,0
DA:494,0
DA:496,0
DA:511,0
DA:520,0
DA:523,0
DA:543,0
DA:544,0
DA:546,0
DA:547,0
DA:548,0
DA:549,0
DA:550,0
DA:551,0
DA:553,0
DA:557,0
DA:559,0
DA:576,0
DA:587,0
DA:589,0
DA:590,0
DA:591,0
DA:592,0
DA:594,0
DA:595,0
DA:596,0
DA:599,0
DA:609,0
DA:612,0
DA:613,0
DA:614,0
DA:617,0
DA:624,0
DA:625,0
DA:640,0
DA:642,0
DA:643,0
DA:657,0
DA:676,0
DA:708,0
DA:709,0
DA:710,0
DA:714,8
DA:719,1
DA:720,0
DA:721,0
DA:725,1
DA:726,8
DA:727,8
LF:141
LH:28
BRDA:39,0,0,8
BRDA:39,0,1,0
BRDA:215,1,0,0
BRDA:215,1,1,0
BRDA:217,2,0,0
BRDA:217,2,1,0
BRDA:217,2,2,0
BRDA:220,3,0,0
BRDA:220,3,1,0
BRDA:229,4,0,0
BRDA:229,4,1,0
BRDA:229,4,2,0
BRDA:229,4,3,0
BRDA:229,4,4,0
BRDA:229,4,5,0
BRDA:229,4,6,0
BRDA:229,4,7,0
BRDA:255,5,0,0
BRDA:255,5,1,0
BRDA:264,6,0,0
BRDA:293,7,0,0
BRDA:320,8,0,0
BRDA:320,8,1,0
BRDA:334,9,0,0
BRDA:334,9,1,0
BRDA:334,9,2,0
BRDA:334,9,3,0
BRDA:334,9,4,0
BRDA:334,9,5,0
BRDA:349,10,0,0
BRDA:349,10,1,0
BRDA:349,11,0,0
BRDA:349,11,1,0
BRDA:349,11,2,0
BRDA:353,12,0,0
BRDA:353,12,1,0
BRDA:353,13,0,0
BRDA:353,13,1,0
BRDA:353,13,2,0
BRDA:357,14,0,0
BRDA:357,14,1,0
BRDA:357,15,0,0
BRDA:357,15,1,0
BRDA:357,15,2,0
BRDA:374,16,0,0
BRDA:374,16,1,0
BRDA:375,17,0,0
BRDA:375,17,1,0
BRDA:389,18,0,0
BRDA:389,18,1,0
BRDA:392,19,0,0
BRDA:392,19,1,0
BRDA:394,20,0,0
BRDA:394,20,1,0
BRDA:395,21,0,0
BRDA:395,21,1,0
BRDA:426,22,0,0
BRDA:426,22,1,0
BRDA:452,23,0,0
BRDA:452,23,1,0
BRDA:456,24,0,0
BRDA:456,24,1,0
BRDA:456,25,0,0
BRDA:456,25,1,0
BRDA:458,26,0,0
BRDA:458,26,1,0
BRDA:474,27,0,0
BRDA:474,27,1,0
BRDA:475,28,0,0
BRDA:475,28,1,0
BRDA:475,29,0,0
BRDA:475,29,1,0
BRDA:482,30,0,0
BRDA:482,30,1,0
BRDA:482,30,2,0
BRDA:482,30,3,0
BRDA:482,30,4,0
BRDA:529,31,0,0
BRDA:529,31,1,0
BRDA:546,32,0,0
BRDA:546,32,1,0
BRDA:547,33,0,0
BRDA:547,33,1,0
BRDA:548,34,0,0
BRDA:548,34,1,0
BRDA:548,35,0,0
BRDA:548,35,1,0
BRDA:549,36,0,0
BRDA:549,36,1,0
BRDA:549,37,0,0
BRDA:549,37,1,0
BRDA:550,38,0,0
BRDA:550,38,1,0
BRDA:550,39,0,0
BRDA:550,39,1,0
BRDA:551,40,0,0
BRDA:551,40,1,0
BRDA:551,41,0,0
BRDA:551,41,1,0
BRDA:571,42,0,0
BRDA:571,42,1,0
BRDA:591,43,0,0
BRDA:591,43,1,0
BRDA:596,44,0,0
BRDA:596,44,1,0
BRDA:604,45,0,0
BRDA:604,45,1,0
BRDA:609,46,0,0
BRDA:624,47,0,0
BRDA:624,47,1,0
BRDA:642,48,0,0
BRDA:642,48,1,0
BRDA:719,49,0,0
BRDA:719,49,1,1
BRF:114
BRH:2
end_of_record
TN:
SF:src/query-optimizer.ts
FN:41,(anonymous_0)
FN:113,(anonymous_1)
FN:172,(anonymous_2)
FN:182,(anonymous_3)
FN:279,(anonymous_4)
FNF:5
FNH:5
FNDA:11,(anonymous_0)
FNDA:4,(anonymous_1)
FNDA:7,(anonymous_2)
FNDA:18,(anonymous_3)
FNDA:9,(anonymous_4)
DA:19,2
DA:39,2
DA:42,11
DA:43,11
DA:44,11
DA:45,11
DA:47,11
DA:49,3
DA:50,3
DA:51,3
DA:53,3
DA:54,1
DA:55,1
DA:58,3
DA:59,3
DA:60,3
DA:61,3
DA:62,3
DA:64,3
DA:67,2
DA:68,2
DA:69,2
DA:71,2
DA:72,2
DA:73,1
DA:74,1
DA:76,2
DA:79,6
DA:80,6
DA:81,6
DA:83,6
DA:84,2
DA:85,2
DA:87,6
DA:90,0
DA:91,0
DA:92,0
DA:94,0
DA:95,0
DA:96,0
DA:98,0
DA:101,0
DA:102,0
DA:105,11
DA:114,4
DA:115,4
DA:116,4
DA:119,4
DA:121,1
DA:122,1
DA:123,1
DA:127,1
DA:128,1
DA:129,1
DA:130,1
DA:132,1
DA:136,1
DA:137,1
DA:138,1
DA:139,1
DA:140,1
DA:141,1
DA:143,1
DA:146,2
DA:147,1
DA:148,1
DA:150,2
DA:154,0
DA:155,0
DA:156,0
DA:158,0
DA:161,4
DA:163,4
DA:173,7
DA:175,7
DA:176,7
DA:177,7
DA:178,7
DA:183,18
DA:186,18
DA:190,0
DA:192,0
DA:200,18
DA:203,0
DA:211,18
DA:214,5
DA:217,5
DA:219,1
DA:226,4
DA:234,13
DA:235,4
DA:236,4
DA:244,9
DA:245,0
DA:247,0
DA:255,9
DA:256,3
DA:264,6
DA:265,3
DA:272,3
DA:280,9
DA:281,9
DA:284,9
DA:285,3
DA:286,3
DA:287,3
DA:288,3
DA:290,3
DA:291,3
DA:292,3
DA:293,3
DA:295,3
DA:302,6
DA:303,0
DA:304,0
DA:305,0
DA:307,0
DA:314,6
DA:315,1
DA:316,1
DA:317,1
DA:319,1
DA:326,5
DA:327,1
DA:328,1
DA:329,1
DA:330,1
DA:331,1
DA:333,1
DA:340,4
DA:341,4
DA:342,1
DA:343,1
DA:344,1
DA:345,1
DA:347,1
DA:354,3
DA:355,0
DA:356,0
DA:358,0
DA:365,3
DA:366,0
DA:367,0
DA:368,0
DA:370,0
DA:371,0
DA:373,0
DA:380,3
DA:381,3
DA:382,3
DA:384,3
LF:151
LH:120
BRDA:41,0,0,11
BRDA:47,1,0,3
BRDA:47,1,1,2
BRDA:47,1,2,6
BRDA:47,1,3,0
BRDA:47,1,4,0
BRDA:53,2,0,1
BRDA:53,2,1,2
BRDA:53,3,0,3
BRDA:53,3,1,3
BRDA:59,4,0,3
BRDA:59,4,1,0
BRDA:72,5,0,1
BRDA:72,5,1,1
BRDA:83,6,0,2
BRDA:83,6,1,4
BRDA:94,7,0,0
BRDA:94,7,1,0
BRDA:94,8,0,0
BRDA:94,8,1,0
BRDA:119,9,0,1
BRDA:119,9,1,1
BRDA:119,9,2,2
BRDA:119,9,3,0
BRDA:121,10,0,1
BRDA:121,10,1,0
BRDA:121,11,0,1
BRDA:121,11,1,1
BRDA:128,12,0,1
BRDA:128,12,1,0
BRDA:137,13,0,1
BRDA:137,13,1,0
BRDA:146,14,0,1
BRDA:146,14,1,1
BRDA:154,15,0,0
BRDA:154,15,1,0
BRDA:154,16,0,0
BRDA:154,16,1,0
BRDA:173,17,0,0
BRDA:173,17,1,7
BRDA:173,18,0,7
BRDA:173,18,1,7
BRDA:186,19,0,0
BRDA:186,19,1,18
BRDA:186,20,0,18
BRDA:186,20,1,18
BRDA:186,20,2,13
BRDA:186,20,3,6
BRDA:186,20,4,3
BRDA:186,20,5,4
BRDA:186,20,6,4
BRDA:186,20,7,4
BRDA:186,20,8,4
BRDA:186,20,9,4
BRDA:186,20,10,4
BRDA:190,21,0,0
BRDA:190,21,1,0
BRDA:191,22,0,0
BRDA:191,22,1,0
BRDA:200,23,0,0
BRDA:200,23,1,18
BRDA:200,24,0,18
BRDA:200,24,1,18
BRDA:200,24,2,18
BRDA:200,24,3,0
BRDA:200,24,4,0
BRDA:200,24,5,0
BRDA:200,24,6,0
BRDA:200,24,7,0
BRDA:211,25,0,5
BRDA:211,25,1,13
BRDA:211,26,0,18
BRDA:211,26,1,14
BRDA:211,26,2,5
BRDA:211,26,3,0
BRDA:217,27,0,1
BRDA:217,27,1,4
BRDA:217,28,0,5
BRDA:217,28,1,4
BRDA:217,28,2,4
BRDA:217,28,3,4
BRDA:234,29,0,4
BRDA:234,29,1,9
BRDA:234,30,0,13
BRDA:234,30,1,4
BRDA:234,30,2,1
BRDA:244,31,0,0
BRDA:244,31,1,9
BRDA:244,32,0,9
BRDA:244,32,1,9
BRDA:244,32,2,9
BRDA:255,33,0,3
BRDA:255,33,1,6
BRDA:255,34,0,9
BRDA:255,34,1,7
BRDA:255,34,2,6
BRDA:264,35,0,3
BRDA:264,35,1,3
BRDA:264,36,0,6
BRDA:264,36,1,3
BRDA:264,36,2,1
BRDA:284,37,0,3
BRDA:284,37,1,6
BRDA:284,38,0,9
BRDA:284,38,1,6
BRDA:302,39,0,0
BRDA:302,39,1,6
BRDA:302,40,0,6
BRDA:302,40,1,6
BRDA:314,41,0,1
BRDA:314,41,1,5
BRDA:314,42,0,6
BRDA:314,42,1,5
BRDA:326,43,0,1
BRDA:326,43,1,4
BRDA:329,44,0,0
BRDA:329,44,1,1
BRDA:341,45,0,1
BRDA:341,45,1,3
BRDA:354,46,0,0
BRDA:354,46,1,3
BRDA:365,47,0,0
BRDA:365,47,1,3
BRF:123
BRH:90
end_of_record
TN:
SF:src/tessie-client.ts
FN:93,(anonymous_1)
FN:105,(anonymous_2)
FN:116,(anonymous_3)
FN:135,(anonymous_4)
FN:144,(anonymous_5)
FN:171,(anonymous_6)
FN:189,(anonymous_7)
FN:203,(anonymous_8)
FNF:8
FNH:0
FNDA:0,(anonymous_1)
FNDA:0,(anonymous_2)
FNDA:0,(anonymous_3)
FNDA:0,(anonymous_4)
FNDA:0,(anonymous_5)
FNDA:0,(anonymous_6)
FNDA:0,(anonymous_7)
FNDA:0,(anonymous_8)
DA:1,1
DA:89,1
DA:94,0
DA:95,0
DA:106,0
DA:107,0
DA:110,0
DA:112,0
DA:121,0
DA:122,0
DA:123,0
DA:124,0
DA:126,0
DA:129,0
DA:131,0
DA:136,0
DA:137,0
DA:138,0
DA:140,0
DA:150,0
DA:151,0
DA:152,0
DA:153,0
DA:154,0
DA:156,0
DA:161,0
DA:162,0
DA:165,0
DA:167,0
DA:176,0
DA:177,0
DA:178,0
DA:179,0
DA:182,0
DA:183,0
DA:185,0
DA:190,0
DA:192,0
DA:196,0
DA:197,0
DA:199,0
DA:203,0
DA:208,0
LF:43
LH:2
BRDA:105,0,0,0
BRDA:108,1,0,0
BRDA:108,1,1,0
BRDA:123,2,0,0
BRDA:123,2,1,0
BRDA:124,3,0,0
BRDA:124,3,1,0
BRDA:148,4,0,0
BRDA:152,5,0,0
BRDA:152,5,1,0
BRDA:153,6,0,0
BRDA:153,6,1,0
BRDA:161,7,0,0
BRDA:161,7,1,0
BRDA:161,8,0,0
BRDA:161,8,1,0
BRDA:161,8,2,0
BRDA:196,9,0,0
BRDA:196,9,1,0
BRDA:196,10,0,0
BRDA:196,10,1,0
BRDA:196,10,2,0
BRDA:205,11,0,0
BRDA:205,11,1,0
BRDA:205,11,2,0
BRF:25
BRH:0
end_of_record
